c:\users\rafal\desktop\grafika komputerowa\assimp\bio_szkielet_06_win\debug\vc142.pdb
c:\users\rafal\desktop\grafika komputerowa\assimp\bio_szkielet_06_win\debug\vc142.idb
c:\users\rafal\desktop\grafika komputerowa\assimp\bio_szkielet_06_win\debug\shaderprogram.obj
c:\users\rafal\desktop\grafika komputerowa\assimp\bio_szkielet_06_win\debug\main_file.obj
c:\users\rafal\desktop\grafika komputerowa\assimp\bio_szkielet_06_win\debug\lodepng.obj
c:\users\rafal\desktop\grafika komputerowa\assimp\bio_szkielet_06_win\debug\objectloader.obj
c:\users\rafal\desktop\grafika komputerowa\assimp\bio_szkielet_06_win\debug\stb_image.obj
c:\users\rafal\desktop\grafika komputerowa\assimp\bio_szkielet_06_win\debug\myterrain.obj
c:\users\rafal\desktop\grafika komputerowa\assimp\bio_szkielet_06_win\debug\main_file.obj.enc
c:\users\rafal\desktop\grafika komputerowa\assimp\bio_szkielet_06_win\debug\bio_szkielet_06_win.pdb
c:\users\rafal\desktop\grafika komputerowa\assimp\bio_szkielet_06_win\debug\bio_szki.7288c82c.tlog\cl.command.1.tlog
c:\users\rafal\desktop\grafika komputerowa\assimp\bio_szkielet_06_win\debug\bio_szki.7288c82c.tlog\cl.read.1.tlog
c:\users\rafal\desktop\grafika komputerowa\assimp\bio_szkielet_06_win\debug\bio_szki.7288c82c.tlog\cl.write.1.tlog
c:\users\rafal\desktop\grafika komputerowa\assimp\bio_szkielet_06_win\debug\bio_szki.7288c82c.tlog\link-cvtres.read.1.tlog
c:\users\rafal\desktop\grafika komputerowa\assimp\bio_szkielet_06_win\debug\bio_szki.7288c82c.tlog\link-cvtres.write.1.tlog
c:\users\rafal\desktop\grafika komputerowa\assimp\bio_szkielet_06_win\debug\bio_szki.7288c82c.tlog\link-rc.read.1.tlog
c:\users\rafal\desktop\grafika komputerowa\assimp\bio_szkielet_06_win\debug\bio_szki.7288c82c.tlog\link-rc.write.1.tlog
c:\users\rafal\desktop\grafika komputerowa\assimp\bio_szkielet_06_win\debug\bio_szki.7288c82c.tlog\link.15244-cvtres.read.1.tlog
c:\users\rafal\desktop\grafika komputerowa\assimp\bio_szkielet_06_win\debug\bio_szki.7288c82c.tlog\link.15244-cvtres.write.1.tlog
c:\users\rafal\desktop\grafika komputerowa\assimp\bio_szkielet_06_win\debug\bio_szki.7288c82c.tlog\link.15244-rc.read.1.tlog
c:\users\rafal\desktop\grafika komputerowa\assimp\bio_szkielet_06_win\debug\bio_szki.7288c82c.tlog\link.15244-rc.write.1.tlog
c:\users\rafal\desktop\grafika komputerowa\assimp\bio_szkielet_06_win\debug\bio_szki.7288c82c.tlog\link.15244.read.1.tlog
c:\users\rafal\desktop\grafika komputerowa\assimp\bio_szkielet_06_win\debug\bio_szki.7288c82c.tlog\link.15244.write.1.tlog
c:\users\rafal\desktop\grafika komputerowa\assimp\bio_szkielet_06_win\debug\bio_szki.7288c82c.tlog\link.command.1.tlog
c:\users\rafal\desktop\grafika komputerowa\assimp\bio_szkielet_06_win\debug\bio_szki.7288c82c.tlog\link.read.1.tlog
c:\users\rafal\desktop\grafika komputerowa\assimp\bio_szkielet_06_win\debug\bio_szki.7288c82c.tlog\link.write.1.tlog
